Arguments: 
  /usr/local/Cellar/node/16.3.0/bin/node /usr/local/bin/yarn global bin

PATH: 
  /Library/Frameworks/Python.framework/Versions/3.9/bin:/usr/local/bin:/usr/bin:/bin:/usr/sbin:/sbin:/usr/local/share/dotnet:~/.dotnet/tools:/Library/Frameworks/Python.framework/Versions/3.9/bin

Yarn version: 
  1.22.10

Node version: 
  16.3.0

Platform: 
  darwin x64

Trace: 
  SyntaxError: /Users/mbdias/Documents/Projects/globes/myglobe/package.json: Unexpected token } in JSON at position 216
      at JSON.parse (<anonymous>)
      at /usr/local/lib/node_modules/yarn/lib/cli.js:1625:59
      at Generator.next (<anonymous>)
      at step (/usr/local/lib/node_modules/yarn/lib/cli.js:310:30)
      at /usr/local/lib/node_modules/yarn/lib/cli.js:321:13

npm manifest: 
  {
    "name": "myglobe",
    "version": "1.0.0",
    "description": "",
    "main": "index.js",
    "scripts": {
      "test": "echo \"Error: no test specified\" && exit 1",
      "build-dev": "webpack --config=webpack.dev.js",
    },
    "dependencies": {
      "@tweenjs/tween.js": "^18.6",
      "accessor-fn": "1",
      "kapsule": "^1.13",
      "three": ">=0.118 <1",
      "three-globe": "^2.21",
      "three-render-objects": "^1.26"
    },
    "devDependencies": {
      "file-loader": "^6.2.0",
      "json-loader": "^0.5.7",
      "webpack": "^5.15.0",
      "webpack-cli": "^4.3.1"
    },
    "author": "",
    "license": "ISC"
  }

yarn manifest: 
  No manifest

Lockfile: 
  No lockfile
